<?xml version="1.0" encoding="UTF-8"?>
<testsuite xmlns:xsi="http://www.w3.org/2001/XMLSchema-instance" xsi:noNamespaceSchemaLocation="https://maven.apache.org/surefire/maven-surefire-plugin/xsd/surefire-test-report-3.0.xsd" version="3.0" name="runner.TestRunner" time="37.241" tests="11" errors="1" skipped="3" failures="1">
  <properties>
    <property name="java.specification.version" value="15"/>
    <property name="webdriver.chrome.driver" value="C:\Shatlin\Automation\projects\FormBay2/src/test/resources/webdrivers/chromedriver.exe"/>
    <property name="sun.cpu.isalist" value="amd64"/>
    <property name="sun.jnu.encoding" value="Cp1252"/>
    <property name="java.class.path" value="C:\Shatlin\Automation\projects\FormBay2\target\test-classes;C:\Shatlin\Automation\projects\FormBay2\target\classes;C:\Users\shatl_s0lnm2m\.m2\repository\org\junit\jupiter\junit-jupiter-api\5.8.0-M1\junit-jupiter-api-5.8.0-M1.jar;C:\Users\shatl_s0lnm2m\.m2\repository\org\apiguardian\apiguardian-api\1.1.1\apiguardian-api-1.1.1.jar;C:\Users\shatl_s0lnm2m\.m2\repository\org\opentest4j\opentest4j\1.2.0\opentest4j-1.2.0.jar;C:\Users\shatl_s0lnm2m\.m2\repository\org\junit\platform\junit-platform-commons\1.8.0-M1\junit-platform-commons-1.8.0-M1.jar;C:\Users\shatl_s0lnm2m\.m2\repository\org\seleniumhq\selenium\selenium-java\3.11.0\selenium-java-3.11.0.jar;C:\Users\shatl_s0lnm2m\.m2\repository\org\seleniumhq\selenium\selenium-api\3.11.0\selenium-api-3.11.0.jar;C:\Users\shatl_s0lnm2m\.m2\repository\org\seleniumhq\selenium\selenium-chrome-driver\3.11.0\selenium-chrome-driver-3.11.0.jar;C:\Users\shatl_s0lnm2m\.m2\repository\org\seleniumhq\selenium\selenium-edge-driver\3.11.0\selenium-edge-driver-3.11.0.jar;C:\Users\shatl_s0lnm2m\.m2\repository\org\seleniumhq\selenium\selenium-firefox-driver\3.11.0\selenium-firefox-driver-3.11.0.jar;C:\Users\shatl_s0lnm2m\.m2\repository\org\seleniumhq\selenium\selenium-ie-driver\3.11.0\selenium-ie-driver-3.11.0.jar;C:\Users\shatl_s0lnm2m\.m2\repository\org\seleniumhq\selenium\selenium-opera-driver\3.11.0\selenium-opera-driver-3.11.0.jar;C:\Users\shatl_s0lnm2m\.m2\repository\org\seleniumhq\selenium\selenium-remote-driver\3.11.0\selenium-remote-driver-3.11.0.jar;C:\Users\shatl_s0lnm2m\.m2\repository\org\seleniumhq\selenium\selenium-safari-driver\3.11.0\selenium-safari-driver-3.11.0.jar;C:\Users\shatl_s0lnm2m\.m2\repository\org\seleniumhq\selenium\selenium-support\3.11.0\selenium-support-3.11.0.jar;C:\Users\shatl_s0lnm2m\.m2\repository\net\bytebuddy\byte-buddy\1.7.9\byte-buddy-1.7.9.jar;C:\Users\shatl_s0lnm2m\.m2\repository\org\apache\commons\commons-exec\1.3\commons-exec-1.3.jar;C:\Users\shatl_s0lnm2m\.m2\repository\commons-codec\commons-codec\1.10\commons-codec-1.10.jar;C:\Users\shatl_s0lnm2m\.m2\repository\commons-logging\commons-logging\1.2\commons-logging-1.2.jar;C:\Users\shatl_s0lnm2m\.m2\repository\com\google\code\gson\gson\2.8.2\gson-2.8.2.jar;C:\Users\shatl_s0lnm2m\.m2\repository\com\google\guava\guava\23.6-jre\guava-23.6-jre.jar;C:\Users\shatl_s0lnm2m\.m2\repository\com\google\code\findbugs\jsr305\1.3.9\jsr305-1.3.9.jar;C:\Users\shatl_s0lnm2m\.m2\repository\org\checkerframework\checker-compat-qual\2.0.0\checker-compat-qual-2.0.0.jar;C:\Users\shatl_s0lnm2m\.m2\repository\com\google\errorprone\error_prone_annotations\2.1.3\error_prone_annotations-2.1.3.jar;C:\Users\shatl_s0lnm2m\.m2\repository\com\google\j2objc\j2objc-annotations\1.1\j2objc-annotations-1.1.jar;C:\Users\shatl_s0lnm2m\.m2\repository\org\codehaus\mojo\animal-sniffer-annotations\1.14\animal-sniffer-annotations-1.14.jar;C:\Users\shatl_s0lnm2m\.m2\repository\org\apache\httpcomponents\httpclient\4.5.3\httpclient-4.5.3.jar;C:\Users\shatl_s0lnm2m\.m2\repository\org\apache\httpcomponents\httpcore\4.4.6\httpcore-4.4.6.jar;C:\Users\shatl_s0lnm2m\.m2\repository\com\squareup\okhttp3\okhttp\3.9.1\okhttp-3.9.1.jar;C:\Users\shatl_s0lnm2m\.m2\repository\com\squareup\okio\okio\1.13.0\okio-1.13.0.jar;C:\Users\shatl_s0lnm2m\.m2\repository\info\cukes\cucumber-junit\1.2.5\cucumber-junit-1.2.5.jar;C:\Users\shatl_s0lnm2m\.m2\repository\junit\junit\4.12\junit-4.12.jar;C:\Users\shatl_s0lnm2m\.m2\repository\org\hamcrest\hamcrest-core\1.3\hamcrest-core-1.3.jar;C:\Users\shatl_s0lnm2m\.m2\repository\info\cukes\cucumber-java\1.2.5\cucumber-java-1.2.5.jar;C:\Users\shatl_s0lnm2m\.m2\repository\info\cukes\cucumber-core\1.2.5\cucumber-core-1.2.5.jar;C:\Users\shatl_s0lnm2m\.m2\repository\info\cukes\cucumber-html\0.2.3\cucumber-html-0.2.3.jar;C:\Users\shatl_s0lnm2m\.m2\repository\info\cukes\cucumber-jvm-deps\1.0.5\cucumber-jvm-deps-1.0.5.jar;C:\Users\shatl_s0lnm2m\.m2\repository\info\cukes\gherkin\2.12.2\gherkin-2.12.2.jar;C:\Users\shatl_s0lnm2m\.m2\repository\org\freemarker\freemarker\2.3.31\freemarker-2.3.31.jar;C:\Users\shatl_s0lnm2m\.m2\repository\org\apache\poi\poi\3.9\poi-3.9.jar;C:\Users\shatl_s0lnm2m\.m2\repository\org\apache\poi\poi-ooxml\3.9\poi-ooxml-3.9.jar;C:\Users\shatl_s0lnm2m\.m2\repository\dom4j\dom4j\1.6.1\dom4j-1.6.1.jar;C:\Users\shatl_s0lnm2m\.m2\repository\xml-apis\xml-apis\1.0.b2\xml-apis-1.0.b2.jar;C:\Users\shatl_s0lnm2m\.m2\repository\org\apache\poi\poi-ooxml-schemas\3.9\poi-ooxml-schemas-3.9.jar;C:\Users\shatl_s0lnm2m\.m2\repository\org\apache\xmlbeans\xmlbeans\2.3.0\xmlbeans-2.3.0.jar;C:\Users\shatl_s0lnm2m\.m2\repository\stax\stax-api\1.0.1\stax-api-1.0.1.jar;C:\Users\shatl_s0lnm2m\.m2\repository\org\apache\poi\poi-scratchpad\3.9\poi-scratchpad-3.9.jar;C:\Users\shatl_s0lnm2m\.m2\repository\org\apache\poi\ooxml-schemas\1.1\ooxml-schemas-1.1.jar;C:\Users\shatl_s0lnm2m\.m2\repository\org\apache\poi\openxml4j\1.0-beta\openxml4j-1.0-beta.jar;C:\Users\shatl_s0lnm2m\.m2\repository\log4j\log4j\1.2.8\log4j-1.2.8.jar;C:\Users\shatl_s0lnm2m\.m2\repository\com\aventstack\extentreports\5.0.7\extentreports-5.0.7.jar;C:\Users\shatl_s0lnm2m\.m2\repository\io\reactivex\rxjava3\rxjava\3.0.4\rxjava-3.0.4.jar;C:\Users\shatl_s0lnm2m\.m2\repository\org\reactivestreams\reactive-streams\1.0.3\reactive-streams-1.0.3.jar;C:\Users\shatl_s0lnm2m\.m2\repository\org\projectlombok\lombok\1.18.12\lombok-1.18.12.jar;"/>
    <property name="java.vm.vendor" value="Oracle Corporation"/>
    <property name="sun.arch.data.model" value="64"/>
    <property name="user.variant" value=""/>
    <property name="java.vendor.url" value="https://java.oracle.com/"/>
    <property name="user.timezone" value="Africa/Johannesburg"/>
    <property name="os.name" value="Windows 10"/>
    <property name="java.vm.specification.version" value="15"/>
    <property name="sun.java.launcher" value="SUN_STANDARD"/>
    <property name="user.country" value="ZA"/>
    <property name="sun.boot.library.path" value="C:\Program Files\Java\jdk-15.0.2\bin"/>
    <property name="sun.java.command" value="C:\Users\shatl_s0lnm2m\AppData\Local\Temp\surefire14183815598412494209\surefirebooter8942708406757258756.jar C:\Users\shatl_s0lnm2m\AppData\Local\Temp\surefire14183815598412494209 2021-03-27T08-32-53_687-jvmRun1 surefire6163338683482946972tmp surefire_015257335619078953344tmp"/>
    <property name="jdk.debug" value="release"/>
    <property name="surefire.test.class.path" value="C:\Shatlin\Automation\projects\FormBay2\target\test-classes;C:\Shatlin\Automation\projects\FormBay2\target\classes;C:\Users\shatl_s0lnm2m\.m2\repository\org\junit\jupiter\junit-jupiter-api\5.8.0-M1\junit-jupiter-api-5.8.0-M1.jar;C:\Users\shatl_s0lnm2m\.m2\repository\org\apiguardian\apiguardian-api\1.1.1\apiguardian-api-1.1.1.jar;C:\Users\shatl_s0lnm2m\.m2\repository\org\opentest4j\opentest4j\1.2.0\opentest4j-1.2.0.jar;C:\Users\shatl_s0lnm2m\.m2\repository\org\junit\platform\junit-platform-commons\1.8.0-M1\junit-platform-commons-1.8.0-M1.jar;C:\Users\shatl_s0lnm2m\.m2\repository\org\seleniumhq\selenium\selenium-java\3.11.0\selenium-java-3.11.0.jar;C:\Users\shatl_s0lnm2m\.m2\repository\org\seleniumhq\selenium\selenium-api\3.11.0\selenium-api-3.11.0.jar;C:\Users\shatl_s0lnm2m\.m2\repository\org\seleniumhq\selenium\selenium-chrome-driver\3.11.0\selenium-chrome-driver-3.11.0.jar;C:\Users\shatl_s0lnm2m\.m2\repository\org\seleniumhq\selenium\selenium-edge-driver\3.11.0\selenium-edge-driver-3.11.0.jar;C:\Users\shatl_s0lnm2m\.m2\repository\org\seleniumhq\selenium\selenium-firefox-driver\3.11.0\selenium-firefox-driver-3.11.0.jar;C:\Users\shatl_s0lnm2m\.m2\repository\org\seleniumhq\selenium\selenium-ie-driver\3.11.0\selenium-ie-driver-3.11.0.jar;C:\Users\shatl_s0lnm2m\.m2\repository\org\seleniumhq\selenium\selenium-opera-driver\3.11.0\selenium-opera-driver-3.11.0.jar;C:\Users\shatl_s0lnm2m\.m2\repository\org\seleniumhq\selenium\selenium-remote-driver\3.11.0\selenium-remote-driver-3.11.0.jar;C:\Users\shatl_s0lnm2m\.m2\repository\org\seleniumhq\selenium\selenium-safari-driver\3.11.0\selenium-safari-driver-3.11.0.jar;C:\Users\shatl_s0lnm2m\.m2\repository\org\seleniumhq\selenium\selenium-support\3.11.0\selenium-support-3.11.0.jar;C:\Users\shatl_s0lnm2m\.m2\repository\net\bytebuddy\byte-buddy\1.7.9\byte-buddy-1.7.9.jar;C:\Users\shatl_s0lnm2m\.m2\repository\org\apache\commons\commons-exec\1.3\commons-exec-1.3.jar;C:\Users\shatl_s0lnm2m\.m2\repository\commons-codec\commons-codec\1.10\commons-codec-1.10.jar;C:\Users\shatl_s0lnm2m\.m2\repository\commons-logging\commons-logging\1.2\commons-logging-1.2.jar;C:\Users\shatl_s0lnm2m\.m2\repository\com\google\code\gson\gson\2.8.2\gson-2.8.2.jar;C:\Users\shatl_s0lnm2m\.m2\repository\com\google\guava\guava\23.6-jre\guava-23.6-jre.jar;C:\Users\shatl_s0lnm2m\.m2\repository\com\google\code\findbugs\jsr305\1.3.9\jsr305-1.3.9.jar;C:\Users\shatl_s0lnm2m\.m2\repository\org\checkerframework\checker-compat-qual\2.0.0\checker-compat-qual-2.0.0.jar;C:\Users\shatl_s0lnm2m\.m2\repository\com\google\errorprone\error_prone_annotations\2.1.3\error_prone_annotations-2.1.3.jar;C:\Users\shatl_s0lnm2m\.m2\repository\com\google\j2objc\j2objc-annotations\1.1\j2objc-annotations-1.1.jar;C:\Users\shatl_s0lnm2m\.m2\repository\org\codehaus\mojo\animal-sniffer-annotations\1.14\animal-sniffer-annotations-1.14.jar;C:\Users\shatl_s0lnm2m\.m2\repository\org\apache\httpcomponents\httpclient\4.5.3\httpclient-4.5.3.jar;C:\Users\shatl_s0lnm2m\.m2\repository\org\apache\httpcomponents\httpcore\4.4.6\httpcore-4.4.6.jar;C:\Users\shatl_s0lnm2m\.m2\repository\com\squareup\okhttp3\okhttp\3.9.1\okhttp-3.9.1.jar;C:\Users\shatl_s0lnm2m\.m2\repository\com\squareup\okio\okio\1.13.0\okio-1.13.0.jar;C:\Users\shatl_s0lnm2m\.m2\repository\info\cukes\cucumber-junit\1.2.5\cucumber-junit-1.2.5.jar;C:\Users\shatl_s0lnm2m\.m2\repository\junit\junit\4.12\junit-4.12.jar;C:\Users\shatl_s0lnm2m\.m2\repository\org\hamcrest\hamcrest-core\1.3\hamcrest-core-1.3.jar;C:\Users\shatl_s0lnm2m\.m2\repository\info\cukes\cucumber-java\1.2.5\cucumber-java-1.2.5.jar;C:\Users\shatl_s0lnm2m\.m2\repository\info\cukes\cucumber-core\1.2.5\cucumber-core-1.2.5.jar;C:\Users\shatl_s0lnm2m\.m2\repository\info\cukes\cucumber-html\0.2.3\cucumber-html-0.2.3.jar;C:\Users\shatl_s0lnm2m\.m2\repository\info\cukes\cucumber-jvm-deps\1.0.5\cucumber-jvm-deps-1.0.5.jar;C:\Users\shatl_s0lnm2m\.m2\repository\info\cukes\gherkin\2.12.2\gherkin-2.12.2.jar;C:\Users\shatl_s0lnm2m\.m2\repository\org\freemarker\freemarker\2.3.31\freemarker-2.3.31.jar;C:\Users\shatl_s0lnm2m\.m2\repository\org\apache\poi\poi\3.9\poi-3.9.jar;C:\Users\shatl_s0lnm2m\.m2\repository\org\apache\poi\poi-ooxml\3.9\poi-ooxml-3.9.jar;C:\Users\shatl_s0lnm2m\.m2\repository\dom4j\dom4j\1.6.1\dom4j-1.6.1.jar;C:\Users\shatl_s0lnm2m\.m2\repository\xml-apis\xml-apis\1.0.b2\xml-apis-1.0.b2.jar;C:\Users\shatl_s0lnm2m\.m2\repository\org\apache\poi\poi-ooxml-schemas\3.9\poi-ooxml-schemas-3.9.jar;C:\Users\shatl_s0lnm2m\.m2\repository\org\apache\xmlbeans\xmlbeans\2.3.0\xmlbeans-2.3.0.jar;C:\Users\shatl_s0lnm2m\.m2\repository\stax\stax-api\1.0.1\stax-api-1.0.1.jar;C:\Users\shatl_s0lnm2m\.m2\repository\org\apache\poi\poi-scratchpad\3.9\poi-scratchpad-3.9.jar;C:\Users\shatl_s0lnm2m\.m2\repository\org\apache\poi\ooxml-schemas\1.1\ooxml-schemas-1.1.jar;C:\Users\shatl_s0lnm2m\.m2\repository\org\apache\poi\openxml4j\1.0-beta\openxml4j-1.0-beta.jar;C:\Users\shatl_s0lnm2m\.m2\repository\log4j\log4j\1.2.8\log4j-1.2.8.jar;C:\Users\shatl_s0lnm2m\.m2\repository\com\aventstack\extentreports\5.0.7\extentreports-5.0.7.jar;C:\Users\shatl_s0lnm2m\.m2\repository\io\reactivex\rxjava3\rxjava\3.0.4\rxjava-3.0.4.jar;C:\Users\shatl_s0lnm2m\.m2\repository\org\reactivestreams\reactive-streams\1.0.3\reactive-streams-1.0.3.jar;C:\Users\shatl_s0lnm2m\.m2\repository\org\projectlombok\lombok\1.18.12\lombok-1.18.12.jar;"/>
    <property name="sun.cpu.endian" value="little"/>
    <property name="user.home" value="C:\Users\shatl_s0lnm2m"/>
    <property name="user.language" value="en"/>
    <property name="java.specification.vendor" value="Oracle Corporation"/>
    <property name="java.version.date" value="2021-01-19"/>
    <property name="java.home" value="C:\Program Files\Java\jdk-15.0.2"/>
    <property name="file.separator" value="\"/>
    <property name="basedir" value="C:\Shatlin\Automation\projects\FormBay2"/>
    <property name="java.vm.compressedOopsMode" value="Zero based"/>
    <property name="line.separator" value="&#10;"/>
    <property name="java.vm.specification.vendor" value="Oracle Corporation"/>
    <property name="java.specification.name" value="Java Platform API Specification"/>
    <property name="surefire.real.class.path" value="C:\Users\shatl_s0lnm2m\AppData\Local\Temp\surefire14183815598412494209\surefirebooter8942708406757258756.jar"/>
    <property name="user.script" value=""/>
    <property name="sun.management.compiler" value="HotSpot 64-Bit Tiered Compilers"/>
    <property name="java.runtime.version" value="15.0.2+7-27"/>
    <property name="user.name" value="shatl_s0lnm2m"/>
    <property name="path.separator" value=";"/>
    <property name="os.version" value="10.0"/>
    <property name="java.runtime.name" value="Java(TM) SE Runtime Environment"/>
    <property name="file.encoding" value="Cp1252"/>
    <property name="java.vm.name" value="Java HotSpot(TM) 64-Bit Server VM"/>
    <property name="localRepository" value="C:\Users\shatl_s0lnm2m\.m2\repository"/>
    <property name="java.vendor.url.bug" value="https://bugreport.java.com/bugreport/"/>
    <property name="java.io.tmpdir" value="C:\Users\SHATL_~1\AppData\Local\Temp\"/>
    <property name="idea.version" value="2020.3.3"/>
    <property name="java.version" value="15.0.2"/>
    <property name="user.dir" value="C:\Shatlin\Automation\projects\FormBay2"/>
    <property name="os.arch" value="amd64"/>
    <property name="java.vm.specification.name" value="Java Virtual Machine Specification"/>
    <property name="sun.os.patch.level" value=""/>
    <property name="java.library.path" value="C:\Program Files\Java\jdk-15.0.2\bin;C:\WINDOWS\Sun\Java\bin;C:\WINDOWS\system32;C:\WINDOWS;C:\Program Files\Common Files\Oracle\Java\javapath;C:\WINDOWS\system32;C:\WINDOWS;C:\WINDOWS\System32\Wbem;C:\WINDOWS\System32\WindowsPowerShell\v1.0\;C:\WINDOWS\System32\OpenSSH\;C:\Program Files\dotnet\;C:\Program Files\Microsoft SQL Server\130\Tools\Binn\;C:\Program Files\Microsoft SQL Server\Client SDK\ODBC\170\Tools\Binn\;C:\Program Files (x86)\QuickTime\QTSystem\;C:\Program Files\Git\cmd;C:\Program Files (x86)\dotnet\;C:\Program Files\Microsoft VS Code\bin;C:\Shatlin\Automation\apache-maven-3.6.3\bin;C:\Program Files\Java\jdk-15.0.2\bin;C:\Program Files\Git\bin;C:\Program Files (x86)\Calibre2\;C:\Users\shatl_s0lnm2m\AppData\Local\Microsoft\WindowsApps;C:\Users\shatl_s0lnm2m\.dotnet\tools;."/>
    <property name="java.vm.info" value="mixed mode, sharing"/>
    <property name="java.vendor" value="Oracle Corporation"/>
    <property name="java.vm.version" value="15.0.2+7-27"/>
    <property name="sun.io.unicode.encoding" value="UnicodeLittle"/>
    <property name="java.class.version" value="59.0"/>
  </properties>
  <testcase name="| client_trade | solar@123 |" classname="Examples: " time="0.542">
    <error type="java.lang.NoClassDefFoundError"><![CDATA[java.lang.NoClassDefFoundError: org/apache/poi/ss/usermodel/CellType
Caused by: java.lang.ClassNotFoundException: org.apache.poi.ss.usermodel.CellType
]]></error>
    <system-out><![CDATA[Starting scenario: Login to Formbay
]]></system-out>
  </testcase>
  <testcase name="| client_trade | solar@123 |" classname="Examples: " time="0.556">
    <failure type="org.opentest4j.MultipleFailuresError"><![CDATA[org.opentest4j.MultipleFailuresError: 
Multiple Failures (2 failures)
	java.lang.NoClassDefFoundError: org/apache/poi/ss/usermodel/CellType
	java.lang.NullPointerException: Cannot invoke "org.openqa.selenium.WebDriver.quit()" because "stepdefinitions.TestBase.wdriver" is null
]]></failure>
    <system-err><![CDATA[log4j:WARN No appenders could be found for logger (org.apache.commons.logging.Log).
log4j:WARN Please initialize the log4j system properly.
]]></system-err>
  </testcase>
  <testcase name="Given i am Formbay User" classname="| client_trade | solar@123 |" time="0">
    <skipped message="&lt;unknown&gt;"/>
  </testcase>
  <testcase name="When i login to Formbay application" classname="| client_trade | solar@123 |" time="0">
    <skipped message="&lt;unknown&gt;"/>
  </testcase>
  <testcase name="Then I should see joblist page" classname="| client_trade | solar@123 |" time="0">
    <skipped message="&lt;unknown&gt;"/>
  </testcase>
  <testcase name="Given i am Formbay User for homepage" classname="| client_trade | solar@123 |" time="0">
    <system-out><![CDATA[Starting scenario: Formbay HomePage
Login Page accessed
]]></system-out>
    <system-err><![CDATA[Starting ChromeDriver 2.36.540470 (e522d04694c7ebea4ba8821272dbef4f9b818c91) on port 8979
Only local connections are allowed.
Mar 27, 2021 8:32:58 AM org.openqa.selenium.remote.ProtocolHandshake createSession
INFO: Detected dialect: OSS
]]></system-err>
  </testcase>
  <testcase name="Given i am Formbay User for homepage" classname="| client_trade | solar@123 |" time="0.001">
    <system-out><![CDATA[Starting scenario: Formbay HomePage2
Login Page accessed
]]></system-out>
    <system-err><![CDATA[Starting ChromeDriver 2.36.540470 (e522d04694c7ebea4ba8821272dbef4f9b818c91) on port 22477
Only local connections are allowed.
Mar 27, 2021 8:33:14 AM org.openqa.selenium.remote.ProtocolHandshake createSession
INFO: Detected dialect: OSS
]]></system-err>
  </testcase>
  <testcase name="When i login to Formbay application for homepage" classname="| client_trade | solar@123 |" time="0.001"/>
  <testcase name="When i login to Formbay application for homepage" classname="| client_trade | solar@123 |" time="0.001"/>
  <testcase name="Then I should see joblist page for homepage" classname="| client_trade | solar@123 |" time="0.001"/>
  <testcase name="Then I should execute last test" classname="| client_trade | solar@123 |" time="0.001"/>
</testsuite>